[    1119ms] [WARNING] Element with id: cover-image not found @ https://static.licdn.com/aero-v1/sc/h/6bic8ptwykarq2r7pslxz0bz1:1
[    1120ms] [WARNING] Element with id: isMergeSignInSignUpV2Enabled not found @ https://static.licdn.com/aero-v1/sc/h/6bic8ptwykarq2r7pslxz0bz1:1
[    1120ms] [WARNING] Element with id: mergeSignInSignUpLixValue not found @ https://static.licdn.com/aero-v1/sc/h/6bic8ptwykarq2r7pslxz0bz1:1
[    1120ms] [WARNING] No outlet was found with a data-modal attribute equal to the provided dataCustomOutlet param base-contextual-sign-in-modal @ https://static.licdn.com/aero-v1/sc/h/6bic8ptwykarq2r7pslxz0bz1:1
[    1356ms] [LOG] %c EvalError
    at oU (https://client.protechts.net/PXdOjV695v/main.min.js:2:67826)
    at qW (https://client.protechts.net/PXdOjV695v/main.min.js:2:72605)
    at Ky (https://client.protechts.net/PXdOjV695v/main.min.js:2:228007)
    at Kw (https://client.protechts.net/PXdOjV695v/main.min.js:2:227634)
    at https://client.protechts.net/PXdOjV695v/main.min.js:2:229367
    at https://client.protechts.net/PXdOjV695v/main.min.js:2:229373
    at https://client.protechts.net/PXdOjV695v/main.min.js:2:229838 @ https://client.protechts.net/PXdOjV695v/main.min.js:1
[    1387ms] [WARNING] [GSI_LOGGER]: Your client application may not display the Google One Tap in its default position. When FedCM becomes mandatory, One Tap only displays in the default position. Refer to the migration guide to update your code accordingly and opt-in to FedCM to test your changes. Learn more: https://developers.google.com/identity/gsi/web/guides/fedcm-migration?s=dc#layout @ https://static.licdn.com/aero-v1/sc/h/29rdkxlvag0d3cpj96fiilbju:168
[    1387ms] [WARNING] [GSI_LOGGER]: Your client application uses one of the Google One Tap prompt UI status methods that may stop functioning when FedCM becomes mandatory. Refer to the migration guide to update your code accordingly and opt-in to FedCM to test your changes. Learn more: https://developers.google.com/identity/gsi/web/guides/fedcm-migration?s=dc#display_moment and https://developers.google.com/identity/gsi/web/guides/fedcm-migration?s=dc#skipped_moment @ https://static.licdn.com/aero-v1/sc/h/29rdkxlvag0d3cpj96fiilbju:168
[    1389ms] [WARNING] [GSI_LOGGER]: Currently, you disable FedCM on Google One Tap. FedCM for One Tap will become mandatory starting Oct 2024, and you won’t be able to disable it. Refer to the migration guide to update your code accordingly to ensure users will not be blocked from logging in. Learn more: https://developers.google.com/identity/gsi/web/guides/fedcm-migration @ https://static.licdn.com/aero-v1/sc/h/29rdkxlvag0d3cpj96fiilbju:168
[    1397ms] [WARNING] [GSI_LOGGER]: Currently, you disable FedCM on Google One Tap. FedCM for One Tap will become mandatory starting Oct 2024, and you won’t be able to disable it. Refer to the migration guide to update your code accordingly to ensure users will not be blocked from logging in. Learn more: https://developers.google.com/identity/gsi/web/guides/fedcm-migration @ https://static.licdn.com/aero-v1/sc/h/29rdkxlvag0d3cpj96fiilbju:168
[    1519ms] [WARNING] VIDEOJS: WARN: Player "[object HTMLVideoElement]" is already initialised. Options will not be applied. @ https://static.licdn.com/aero-v1/sc/h/985sqoiudwdfnuemt74raqc27:13
[    1521ms] [WARNING] VIDEOJS: WARN: Calling addRemoteTextTrack without explicitly setting the "manualCleanup" parameter to `true` is deprecated and default to `false` in future version of video.js @ https://static.licdn.com/aero-v1/sc/h/985sqoiudwdfnuemt74raqc27:13
[    1523ms] [WARNING] VIDEOJS: WARN: Calling addRemoteTextTrack without explicitly setting the "manualCleanup" parameter to `true` is deprecated and default to `false` in future version of video.js @ https://static.licdn.com/aero-v1/sc/h/985sqoiudwdfnuemt74raqc27:13
[    1541ms] [WARNING] VIDEOJS: WARN: Using the tech directly can be dangerous. I hope you know what you're doing.
See https://github.com/videojs/video.js/issues/2617 for more info.
 @ https://static.licdn.com/aero-v1/sc/h/985sqoiudwdfnuemt74raqc27:13
[    1547ms] [WARNING] VIDEOJS: WARN: Using the tech directly can be dangerous. I hope you know what you're doing.
See https://github.com/videojs/video.js/issues/2617 for more info.
 @ https://static.licdn.com/aero-v1/sc/h/985sqoiudwdfnuemt74raqc27:13
[    1547ms] [ERROR] Access to XMLHttpRequest at 'https://ps.azurewaf.microsoft.com/event?correlationId=542e81a3-6da2-42ba-bfcd-dc0ba01ddbc4&type=ping' from origin 'https://www.linkedin.com' has been blocked by CORS policy: Response to preflight request doesn't pass access control check: No 'Access-Control-Allow-Origin' header is present on the requested resource. @ https://www.linkedin.com/company/enpal:0
[    1548ms] [ERROR] Failed to load resource: net::ERR_FAILED @ https://ps.azurewaf.microsoft.com/event?correlationId=542e81a3-6da2-42ba-bfcd-dc0ba01ddbc4&type=ping:0
[    1679ms] [ERROR] VIDEOJS: ERROR: Q @ https://static.licdn.com/aero-v1/sc/h/985sqoiudwdfnuemt74raqc27:13
[    1681ms] [ERROR] VIDEOJS: ERROR: Q @ https://static.licdn.com/aero-v1/sc/h/985sqoiudwdfnuemt74raqc27:13
